<?xml version="1.0" encoding="UTF-8"?>
<!-- Generated by org.testng.reporters.JUnitReportReporter -->
<testsuite hostname="LAPTOP-9710V517" failures="0" tests="1" name="MyRunner.Invalidlogindata" time="15.866" errors="0" timestamp="2025-03-22T20:53:28 IST" skipped="0">
  <testcase classname="MyRunner.Invalidlogindata" name="runScenario" time="15.866"/>
</testsuite> <!-- MyRunner.Invalidlogindata -->
