<?xml version="1.0" encoding="UTF-8"?>
<!-- Generated by org.testng.reporters.JUnitReportReporter -->
<testsuite hostname="LAPTOP-9710V517" failures="0" tests="1" name="Utils.LoginExcel" time="9.607" errors="0" timestamp="2025-03-20T09:41:19 IST" skipped="0">
  <testcase classname="Utils.LoginExcel" name="readDataFromExcel" time="9.607"/>
</testsuite> <!-- Utils.LoginExcel -->
