<?xml version="1.0" encoding="UTF-8"?>
<!-- Generated by org.testng.reporters.JUnitReportReporter -->
<testsuite hostname="LAPTOP-9710V517" failures="0" tests="2" name="Pages.RegisterPage" time="6.126" errors="0" timestamp="2025-03-25T16:39:27 IST" skipped="0">
  <testcase classname="Pages.RegisterPage" name="verifyLoadedData" time="0.122"/>
  <testcase classname="Pages.RegisterPage" name="login" time="6.004"/>
</testsuite> <!-- Pages.RegisterPage -->
