<?xml version="1.0" encoding="UTF-8"?>
<!-- Generated by org.testng.reporters.JUnitReportReporter -->
<testsuite hostname="LAPTOP-9710V517" failures="0" tests="2" name="Utils.Multiproductadd_TC" time="12.605" errors="0" timestamp="2025-03-25T14:39:45 IST" skipped="0">
  <testcase classname="Utils.Multiproductadd_TC" name="readDataFromExcel" time="2.463"/>
  <testcase classname="Utils.Multiproductadd_TC" name="searchAndAddMultipleProducts" time="10.142"/>
</testsuite> <!-- Utils.Multiproductadd_TC -->
