<?xml version="1.0" encoding="UTF-8"?>
<!-- Generated by org.testng.reporters.JUnitReportReporter -->
<testsuite hostname="LAPTOP-9710V517" failures="0" tests="1" name="Utils.LoginExcelTC" time="20.754" errors="0" timestamp="2025-03-25T16:39:27 IST" skipped="0">
  <testcase classname="Utils.LoginExcelTC" name="readDataFromExcel" time="20.754"/>
</testsuite> <!-- Utils.LoginExcelTC -->
