<?xml version="1.0" encoding="UTF-8"?>
<!-- Generated by org.testng.reporters.JUnitReportReporter -->
<testsuite hostname="LAPTOP-9710V517" failures="0" tests="1" name="Utils.ExtentReport" time="16.369" errors="0" timestamp="2025-03-19T15:48:43 IST" skipped="0">
  <testcase classname="Utils.ExtentReport" name="extentReportsDemo" time="16.369"/>
</testsuite> <!-- Utils.ExtentReport -->
