<?xml version="1.0" encoding="UTF-8"?>
<!-- Generated by org.testng.reporters.JUnitReportReporter -->
<testsuite hostname="LAPTOP-9710V517" failures="0" tests="2" name="Utils.CheckoutTest" time="42.594" errors="0" timestamp="2025-03-25T12:25:24 IST" skipped="0">
  <testcase classname="Utils.CheckoutTest" name="readDataFromExcel" time="8.818"/>
  <testcase classname="Utils.CheckoutTest" name="testCheckoutProcess" time="33.776"/>
</testsuite> <!-- Utils.CheckoutTest -->
