<?xml version="1.0" encoding="UTF-8"?>
<!-- Generated by org.testng.reporters.JUnitReportReporter -->
<testsuite hostname="LAPTOP-9710V517" failures="0" tests="2" name="Utils.Multiproductadd_TC" time="16.336" errors="0" timestamp="2025-03-26T10:57:31 IST" skipped="0">
  <testcase classname="Utils.Multiproductadd_TC" name="readDataFromExcel" time="3.305"/>
  <testcase classname="Utils.Multiproductadd_TC" name="searchAndAddMultipleProducts" time="13.031"/>
</testsuite> <!-- Utils.Multiproductadd_TC -->
