<?xml version="1.0" encoding="UTF-8"?>
<!-- Generated by org.testng.reporters.JUnitReportReporter -->
<testsuite hostname="LAPTOP-9710V517" failures="0" tests="2" name="Utils.Checkout_TC" time="46.057" errors="0" timestamp="2025-03-26T10:57:31 IST" skipped="0">
  <testcase classname="Utils.Checkout_TC" name="readDataFromExcel" time="7.158"/>
  <testcase classname="Utils.Checkout_TC" name="testCheckoutProcess" time="38.899"/>
</testsuite> <!-- Utils.Checkout_TC -->
