<?xml version="1.0" encoding="UTF-8"?>
<!-- Generated by org.testng.reporters.JUnitReportReporter -->
<testsuite hostname="LAPTOP-9710V517" failures="0" tests="1" name="Utils.LoginExcelTC" time="22.241" errors="0" timestamp="2025-03-26T10:57:31 IST" skipped="0">
  <testcase classname="Utils.LoginExcelTC" name="readDataFromExcel" time="22.241"/>
</testsuite> <!-- Utils.LoginExcelTC -->
