<?xml version="1.0" encoding="UTF-8"?>
<!-- Generated by org.testng.reporters.JUnitReportReporter -->
<testsuite hostname="LAPTOP-9710V517" failures="0" tests="2" name="Pages.RegisterPage" time="6.910" errors="0" timestamp="2025-03-26T10:57:31 IST" skipped="0">
  <testcase classname="Pages.RegisterPage" name="verifyLoadedData" time="0.073"/>
  <testcase classname="Pages.RegisterPage" name="login" time="6.837"/>
</testsuite> <!-- Pages.RegisterPage -->
