<?xml version="1.0" encoding="UTF-8"?>
<!-- Generated by org.testng.reporters.JUnitReportReporter -->
<testsuite hostname="LAPTOP-9710V517" failures="0" tests="2" name="Utils.SearchaddProduct_TC" time="33.971" errors="0" timestamp="2025-03-26T10:57:31 IST" skipped="0">
  <testcase classname="Utils.SearchaddProduct_TC" name="readDataFromExcel" time="26.114"/>
  <testcase classname="Utils.SearchaddProduct_TC" name="searchProduct" time="7.857"/>
</testsuite> <!-- Utils.SearchaddProduct_TC -->
