<?xml version="1.0" encoding="UTF-8"?>
<!-- Generated by org.testng.reporters.JUnitReportReporter -->
<testsuite hostname="LAPTOP-9710V517" failures="0" tests="2" name="Utils.SearchaddProduct_TC" time="9.678" errors="0" timestamp="2025-03-25T12:25:24 IST" skipped="0">
  <testcase classname="Utils.SearchaddProduct_TC" name="readDataFromExcel" time="3.279"/>
  <testcase classname="Utils.SearchaddProduct_TC" name="searchProduct" time="6.399"/>
</testsuite> <!-- Utils.SearchaddProduct_TC -->
